#
# There is insufficient memory for the Java Runtime Environment to continue.
# Native memory allocation (malloc) failed to allocate 1048576 bytes for AllocateHeap
# Possible reasons:
#   The system is out of physical RAM or swap space
#   In 32 bit mode, the process size limit was hit
# Possible solutions:
#   Reduce memory load on the system
#   Increase physical memory or swap space
#   Check if swap backing store is full
#   Use 64 bit Java on a 64 bit OS
#   Decrease Java heap size (-Xmx/-Xms)
#   Decrease number of Java threads
#   Decrease Java thread stack sizes (-Xss)
#   Set larger code cache with -XX:ReservedCodeCacheSize=
# This output file may be truncated or incomplete.
#
#  Out of Memory Error (memory/allocation.inline.hpp:61), pid=1588, tid=0x000000000000049c
#
# JRE version:  (8.0_151-b12) (build )
# Java VM: Java HotSpot(TM) 64-Bit Server VM (25.151-b12 mixed mode windows-amd64 compressed oops)
# Failed to write core dump. Minidumps are not enabled by default on client versions of Windows
#

---------------  T H R E A D  ---------------

Current thread (0x0000000002f50800):  JavaThread "Unknown thread" [_thread_in_vm, id=1180, stack(0x0000000002e40000,0x0000000002f40000)]

Stack: [0x0000000002e40000,0x0000000002f40000]
[error occurred during error reporting (printing stack bounds), id 0xc0000005]

Native frames: (J=compiled Java code, j=interpreted, Vv=VM code, C=native code)


---------------  P R O C E S S  ---------------

Java Threads: ( => current thread )

Other Threads:

=>0x0000000002f50800 (exited) JavaThread "Unknown thread" [_thread_in_vm, id=1180, stack(0x0000000002e40000,0x0000000002f40000)]

VM state:not at safepoint (normal execution)

VM Mutex/Monitor currently owned by a thread: None

Heap:
 PSYoungGen      total 38400K, used 665K [0x00000000d5c00000, 0x00000000d8680000, 0x0000000100000000)
  eden space 33280K, 2% used [0x00000000d5c00000,0x00000000d5ca6670,0x00000000d7c80000)
  from space 5120K, 0% used [0x00000000d8180000,0x00000000d8180000,0x00000000d8680000)
  to   space 5120K, 0% used [0x00000000d7c80000,0x00000000d7c80000,0x00000000d8180000)
 ParOldGen       total 87552K, used 0K [0x0000000081400000, 0x0000000086980000, 0x00000000d5c00000)
  object space 87552K, 0% used [0x0000000081400000,0x0000000081400000,0x0000000086980000)
 Metaspace       used 770K, capacity 4480K, committed 4480K, reserved 1056768K
  class space    used 75K, capacity 384K, committed 384K, reserved 1048576K

Card table byte_map: [0x0000000012410000,0x0000000012810000] byte_map_base: 0x0000000012006000

Marking Bits: (ParMarkBitMap*) 0x000000007318d850
 Begin Bits: [0x0000000012ec0000, 0x0000000014e70000)
 End Bits:   [0x0000000014e70000, 0x0000000016e20000)

Polling page: 0x0000000000dd0000

CodeCache: size=245760Kb used=328Kb max_used=328Kb free=245431Kb
 bounds [0x0000000003050000, 0x00000000032c0000, 0x0000000012050000]
 total_blobs=58 nmethods=0 adapters=38
 compilation: enabled

Compilation events (0 events):
No events

GC Heap History (0 events):
No events

Deoptimization events (0 events):
No events

Internal exceptions (0 events):
No events

Events (10 events):
Event: 0.041 loading class java/lang/Short
Event: 0.041 loading class java/lang/Short done
Event: 0.041 loading class java/lang/Integer
Event: 0.041 loading class java/lang/Integer done
Event: 0.041 loading class java/lang/Long
Event: 0.042 loading class java/lang/Long done
Event: 0.045 loading class java/lang/NullPointerException
Event: 0.045 loading class java/lang/NullPointerException done
Event: 0.045 loading class java/lang/ArithmeticException
Event: 0.045 loading class java/lang/ArithmeticException done


Dynamic libraries:
0x00007ff64bd70000 - 0x00007ff64bda7000 	C:\Program Files\Java\jdk1.8.0_151\jre\bin\java.exe
0x00007ffa885d0000 - 0x00007ffa887b1000 	C:\WINDOWS\SYSTEM32\ntdll.dll
0x00007ffa86250000 - 0x00007ffa86302000 	C:\WINDOWS\System32\KERNEL32.DLL
0x00007ffa857e0000 - 0x00007ffa85a53000 	C:\WINDOWS\System32\KERNELBASE.dll
0x00007ffa868e0000 - 0x00007ffa86981000 	C:\WINDOWS\System32\ADVAPI32.dll
0x00007ffa86380000 - 0x00007ffa8641e000 	C:\WINDOWS\System32\msvcrt.dll
0x00007ffa85b00000 - 0x00007ffa85b5b000 	C:\WINDOWS\System32\sechost.dll
0x00007ffa87ff0000 - 0x00007ffa88114000 	C:\WINDOWS\System32\RPCRT4.dll
0x00007ffa85e40000 - 0x00007ffa85fd0000 	C:\WINDOWS\System32\USER32.dll
0x00007ffa84c40000 - 0x00007ffa84c60000 	C:\WINDOWS\System32\win32u.dll
0x00007ffa88570000 - 0x00007ffa88598000 	C:\WINDOWS\System32\GDI32.dll
0x00007ffa854c0000 - 0x00007ffa85652000 	C:\WINDOWS\System32\gdi32full.dll
0x00007ffa84c60000 - 0x00007ffa84cff000 	C:\WINDOWS\System32\msvcp_win.dll
0x00007ffa85660000 - 0x00007ffa8575a000 	C:\WINDOWS\System32\ucrtbase.dll
0x00007ffa75800000 - 0x00007ffa75a69000 	C:\WINDOWS\WinSxS\amd64_microsoft.windows.common-controls_6595b64144ccf1df_6.0.17134.523_none_fb409dd930672a56\COMCTL32.dll
0x00007ffa865b0000 - 0x00007ffa868d2000 	C:\WINDOWS\System32\combase.dll
0x00007ffa85760000 - 0x00007ffa857da000 	C:\WINDOWS\System32\bcryptPrimitives.dll
0x00007ffa86030000 - 0x00007ffa8605d000 	C:\WINDOWS\System32\IMM32.DLL
0x00007ffa847a0000 - 0x00007ffa847d6000 	C:\WINDOWS\system32\DriverStore\FileRepository\nvfmi.inf_amd64_9c9f04db01ad6efb\nvinitx.dll
0x00007ffa84790000 - 0x00007ffa8479a000 	C:\WINDOWS\SYSTEM32\VERSION.dll
0x00007ffa86bb0000 - 0x00007ffa87ff0000 	C:\WINDOWS\System32\Shell32.dll
0x00007ffa84bf0000 - 0x00007ffa84c39000 	C:\WINDOWS\System32\cfgmgr32.dll
0x00007ffa85c30000 - 0x00007ffa85cd9000 	C:\WINDOWS\System32\shcore.dll
0x00007ffa84d00000 - 0x00007ffa8540d000 	C:\WINDOWS\System32\windows.storage.dll
0x00007ffa85fd0000 - 0x00007ffa86021000 	C:\WINDOWS\System32\shlwapi.dll
0x00007ffa84960000 - 0x00007ffa84971000 	C:\WINDOWS\System32\kernel.appcore.dll
0x00007ffa848e0000 - 0x00007ffa848ff000 	C:\WINDOWS\System32\profapi.dll
0x00007ffa84910000 - 0x00007ffa8495c000 	C:\WINDOWS\System32\powrprof.dll
0x00007ffa84900000 - 0x00007ffa8490a000 	C:\WINDOWS\System32\FLTLIB.DLL
0x0000000073990000 - 0x0000000073996000 	C:\Program Files\NVIDIA Corporation\CoProcManager\_etoured.dll
0x00007ffa73b10000 - 0x00007ffa73b53000 	C:\Program Files\NVIDIA Corporation\CoProcManager\nvd3d9wrapx.dll
0x00007ffa88120000 - 0x00007ffa8856b000 	C:\WINDOWS\System32\SETUPAPI.dll
0x00007ffa7cdc0000 - 0x00007ffa7cded000 	C:\Program Files\NVIDIA Corporation\CoProcManager\nvdxgiwrapx.dll
0x0000000072890000 - 0x0000000072962000 	C:\Program Files\Java\jdk1.8.0_151\jre\bin\msvcr100.dll
0x0000000072970000 - 0x000000007320d000 	C:\Program Files\Java\jdk1.8.0_151\jre\bin\server\jvm.dll
0x00007ffa85dd0000 - 0x00007ffa85dd8000 	C:\WINDOWS\System32\PSAPI.DLL
0x00007ffa7e080000 - 0x00007ffa7e089000 	C:\WINDOWS\SYSTEM32\WSOCK32.dll
0x00007ffa7f260000 - 0x00007ffa7f283000 	C:\WINDOWS\SYSTEM32\WINMM.dll
0x00007ffa86310000 - 0x00007ffa8637c000 	C:\WINDOWS\System32\WS2_32.dll
0x00007ffa7efd0000 - 0x00007ffa7effa000 	C:\WINDOWS\SYSTEM32\winmmbase.dll
0x0000000073800000 - 0x000000007380f000 	C:\Program Files\Java\jdk1.8.0_151\jre\bin\verify.dll
0x0000000072820000 - 0x0000000072849000 	C:\Program Files\Java\jdk1.8.0_151\jre\bin\java.dll
0x0000000072800000 - 0x0000000072816000 	C:\Program Files\Java\jdk1.8.0_151\jre\bin\zip.dll

VM Arguments:
jvm_args: -Dfile.encoding=UTF-8 
java_command: controller.MyGui
java_class_path (initial): E:\ITI Courses\Java\labs\Project\xo\XO-Game\CommontXo\dist\CommontXo.jar;E:\ITI Courses\Java\labs\Project\xo\XO-Game\ClientXo\build\classes
Launcher Type: SUN_STANDARD

Environment Variables:
CLASSPATH=.;C:\Program Files\Java\jre1.8.0_151\lib\ext\mssql-jdbc-7.0.0.jre8.jar;
PATH=C:\Program Files\Java\jdk1.8.0_151\bin;C:\Program Files (x86)\Common Files\Oracle\Java\javapath;C:\ProgramData\Oracle\Java\javapath;C:\WINDOWS\system32;C:\WINDOWS;C:\WINDOWS\System32\Wbem;C:\WINDOWS\System32\WindowsPowerShell\v1.0\;C:\WINDOWS\System32\OpenSSH\;C:\Program Files\Git\cmd;E:\Programs\Android\sdk\tools;E:\Programs\Android\sdk\platform-tools;C:\Program Files\Microsoft SQL Server\Client SDK\ODBC\130\Tools\Binn\;C:\Program Files (x86)\Microsoft SQL Server\130\Tools\Binn\;C:\Program Files\Microsoft SQL Server\130\Tools\Binn\;C:\Program Files\Microsoft SQL Server\130\DTS\Binn\;C:\Program Files (x86)\Microsoft SQL Server\Client SDK\ODBC\130\Tools\Binn\;C:\Program Files (x86)\Microsoft SQL Server\140\Tools\Binn\;C:\Program Files (x86)\Microsoft SQL Server\140\DTS\Binn\;C:\Program Files (x86)\Microsoft SQL Server\140\Tools\Binn\ManagementStudio\;C:\Program Files (x86)\NVIDIA Corporation\PhysX\Common;C:\Users\Abdo Amin\AppData\Local\Microsoft\WindowsApps;E:\Programs\Android\flutter\bin;E:\Programs\Android\sdk\tools;E:\Programs\Android\sdk\platform-tools;C:\Users\Abdo Amin\AppData\Local\Programs\Microsoft VS Code\bin;
USERNAME=Abdo Amin
OS=Windows_NT
PROCESSOR_IDENTIFIER=Intel64 Family 6 Model 42 Stepping 7, GenuineIntel



---------------  S Y S T E M  ---------------

OS: Windows 10.0 , 64 bit Build 17134 (10.0.17134.1)

CPU:total 4 (initial active 4) (2 cores per cpu, 2 threads per core) family 6 model 42 stepping 7, cmov, cx8, fxsr, mmx, sse, sse2, sse3, ssse3, sse4.1, sse4.2, popcnt, avx, aes, clmul, ht, tsc, tscinvbit

Memory: 4k page, physical 8299128k(1218468k free), swap 8299128k(5332k free)

vm_info: Java HotSpot(TM) 64-Bit Server VM (25.151-b12) for windows-amd64 JRE (1.8.0_151-b12), built on Sep  5 2017 19:33:46 by "java_re" with MS VC++ 10.0 (VS2010)

time: Thu Jan 17 21:06:28 2019
elapsed time: 0 seconds (0d 0h 0m 0s)

