#
# There is insufficient memory for the Java Runtime Environment to continue.
# Native memory allocation (malloc) failed to allocate 51296 bytes for Chunk::new
# Possible reasons:
#   The system is out of physical RAM or swap space
#   In 32 bit mode, the process size limit was hit
# Possible solutions:
#   Reduce memory load on the system
#   Increase physical memory or swap space
#   Check if swap backing store is full
#   Use 64 bit Java on a 64 bit OS
#   Decrease Java heap size (-Xmx/-Xms)
#   Decrease number of Java threads
#   Decrease Java thread stack sizes (-Xss)
#   Set larger code cache with -XX:ReservedCodeCacheSize=
# This output file may be truncated or incomplete.
#
#  Out of Memory Error (allocation.cpp:390), pid=3544, tid=0x0000000000000790
#
# JRE version: Java(TM) SE Runtime Environment (8.0_151-b12) (build 1.8.0_151-b12)
# Java VM: Java HotSpot(TM) 64-Bit Server VM (25.151-b12 mixed mode windows-amd64 compressed oops)
# Failed to write core dump. Minidumps are not enabled by default on client versions of Windows
#

---------------  T H R E A D  ---------------

Current thread (0x0000000017dde800):  JavaThread "C2 CompilerThread0" daemon [_thread_in_native, id=1936, stack(0x0000000019450000,0x0000000019550000)]

Stack: [0x0000000019450000,0x0000000019550000]
[error occurred during error reporting (printing stack bounds), id 0xc0000005]

Native frames: (J=compiled Java code, j=interpreted, Vv=VM code, C=native code)


Current CompileTask:
C2:    379  308       4       java.lang.String::replace (127 bytes)


---------------  P R O C E S S  ---------------

Java Threads: ( => current thread )
  0x0000000019b37000 JavaThread "QuantumRenderer-0" daemon [_thread_in_native, id=3288, stack(0x000000001a710000,0x000000001a810000)]
  0x0000000019780800 JavaThread "Service Thread" daemon [_thread_blocked, id=2284, stack(0x0000000019b50000,0x0000000019c50000)]
  0x0000000017df1000 JavaThread "C1 CompilerThread2" daemon [_thread_blocked, id=1224, stack(0x0000000019650000,0x0000000019750000)]
  0x0000000017de1800 JavaThread "C2 CompilerThread1" daemon [_thread_blocked, id=5896, stack(0x0000000019550000,0x0000000019650000)]
=>0x0000000017dde800 JavaThread "C2 CompilerThread0" daemon [_thread_in_native, id=1936, stack(0x0000000019450000,0x0000000019550000)]
  0x0000000017ddd800 JavaThread "Attach Listener" daemon [_thread_blocked, id=11112, stack(0x0000000019350000,0x0000000019450000)]
  0x0000000017ddc800 JavaThread "Signal Dispatcher" daemon [_thread_blocked, id=4516, stack(0x0000000019250000,0x0000000019350000)]
  0x000000000326c000 JavaThread "Finalizer" daemon [_thread_blocked, id=6280, stack(0x0000000019060000,0x0000000019160000)]
  0x0000000003263000 JavaThread "Reference Handler" daemon [_thread_blocked, id=8604, stack(0x0000000018f60000,0x0000000019060000)]
  0x0000000003170800 JavaThread "main" [_thread_blocked, id=5968, stack(0x0000000003070000,0x0000000003170000)]

Other Threads:
  0x0000000017da7000 VMThread [stack: 0x0000000018e60000,0x0000000018f60000] [id=9924]
  0x000000001979a000 WatcherThread [stack: 0x0000000019c50000,0x0000000019d50000] [id=8788]

VM state:not at safepoint (normal execution)

VM Mutex/Monitor currently owned by a thread: None

Heap:
 PSYoungGen      total 38400K, used 665K [0x00000000d5c00000, 0x00000000d8680000, 0x0000000100000000)
  eden space 33280K, 2% used [0x00000000d5c00000,0x00000000d5ca66e8,0x00000000d7c80000)
  from space 5120K, 0% used [0x00000000d7c80000,0x00000000d7c80000,0x00000000d8180000)
  to   space 5120K, 0% used [0x00000000d8180000,0x00000000d8180000,0x00000000d8680000)
 ParOldGen       total 61440K, used 760K [0x0000000081400000, 0x0000000085000000, 0x00000000d5c00000)
  object space 61440K, 1% used [0x0000000081400000,0x00000000814be388,0x0000000085000000)
 Metaspace       used 4841K, capacity 5496K, committed 5760K, reserved 1058816K
  class space    used 548K, capacity 629K, committed 640K, reserved 1048576K

Card table byte_map: [0x0000000012630000,0x0000000012a30000] byte_map_base: 0x0000000012226000

Marking Bits: (ParMarkBitMap*) 0x000000007318d850
 Begin Bits: [0x00000000130e0000, 0x0000000015090000)
 End Bits:   [0x0000000015090000, 0x0000000017040000)

Polling page: 0x0000000001000000

CodeCache: size=245760Kb used=1751Kb max_used=1751Kb free=244008Kb
 bounds [0x0000000003270000, 0x00000000034e0000, 0x0000000012270000]
 total_blobs=627 nmethods=325 adapters=215
 compilation: enabled

Compilation events (10 events):
Event: 0.313 Thread 0x0000000017df1000 nmethod 305 0x0000000003414510 code [0x00000000034146a0, 0x0000000003414d08]
Event: 0.313 Thread 0x0000000017df1000  302       3       java.lang.ref.SoftReference::get (29 bytes)
Event: 0.313 Thread 0x0000000017df1000 nmethod 302 0x0000000003414150 code [0x00000000034142a0, 0x0000000003414490]
Event: 0.313 Thread 0x0000000017df1000  303       3       java.lang.ClassLoader::loadClass (7 bytes)
Event: 0.313 Thread 0x0000000017df1000 nmethod 303 0x0000000003413d10 code [0x0000000003413e80, 0x00000000034140a8]
Event: 0.313 Thread 0x0000000017df1000  306       3       java.util.jar.Attributes::getValue (9 bytes)
Event: 0.313 Thread 0x0000000017df1000 nmethod 306 0x0000000003413710 code [0x0000000003413880, 0x0000000003413be8]
Event: 0.313 Thread 0x0000000017df1000  307       3       java.lang.String::concat (47 bytes)
Event: 0.313 Thread 0x0000000017df1000 nmethod 307 0x0000000003412a10 code [0x0000000003412be0, 0x0000000003413398]
Event: 0.316 Thread 0x0000000017dde800  308       4       java.lang.String::replace (127 bytes)

GC Heap History (0 events):
No events

Deoptimization events (1 events):
Event: 0.246 Thread 0x0000000003170800 Uncommon trap: reason=null_check action=make_not_entrant pc=0x00000000033912b0 method=java.lang.String.equals(Ljava/lang/Object;)Z @ 8

Internal exceptions (10 events):
Event: 0.039 Thread 0x0000000003170800 Exception <a 'java/lang/NoSuchMethodError': Method sun.misc.Unsafe.defineClass(Ljava/lang/String;[BII)Ljava/lang/Class; name or signature does not match> (0x00000000d5c07ca8) thrown at [C:\re\workspace\8-2-build-windows-amd64-cygwin\jdk8u151\9699\hotspot\
Event: 0.039 Thread 0x0000000003170800 Exception <a 'java/lang/NoSuchMethodError': Method sun.misc.Unsafe.prefetchRead(Ljava/lang/Object;J)V name or signature does not match> (0x00000000d5c07f90) thrown at [C:\re\workspace\8-2-build-windows-amd64-cygwin\jdk8u151\9699\hotspot\src\share\vm\prims
Event: 0.174 Thread 0x0000000003170800 Exception <a 'java/lang/NoSuchFieldError': method resolution failed> (0x00000000d5e2fc00) thrown at [C:\re\workspace\8-2-build-windows-amd64-cygwin\jdk8u151\9699\hotspot\src\share\vm\prims\methodHandles.cpp, line 1146]
Event: 0.177 Thread 0x0000000003170800 Exception <a 'java/lang/NoSuchFieldError': method resolution failed> (0x00000000d5e3cf80) thrown at [C:\re\workspace\8-2-build-windows-amd64-cygwin\jdk8u151\9699\hotspot\src\share\vm\prims\methodHandles.cpp, line 1146]
Event: 0.209 Thread 0x0000000003170800 Exception <a 'java/security/PrivilegedActionException'> (0x00000000d5ec7b30) thrown at [C:\re\workspace\8-2-build-windows-amd64-cygwin\jdk8u151\9699\hotspot\src\share\vm\prims\jvm.cpp, line 1390]
Event: 0.209 Thread 0x0000000003170800 Exception <a 'java/security/PrivilegedActionException'> (0x00000000d5ec7d40) thrown at [C:\re\workspace\8-2-build-windows-amd64-cygwin\jdk8u151\9699\hotspot\src\share\vm\prims\jvm.cpp, line 1390]
Event: 0.210 Thread 0x0000000003170800 Exception <a 'java/security/PrivilegedActionException'> (0x00000000d5ecbc50) thrown at [C:\re\workspace\8-2-build-windows-amd64-cygwin\jdk8u151\9699\hotspot\src\share\vm\prims\jvm.cpp, line 1390]
Event: 0.210 Thread 0x0000000003170800 Exception <a 'java/security/PrivilegedActionException'> (0x00000000d5ecbe60) thrown at [C:\re\workspace\8-2-build-windows-amd64-cygwin\jdk8u151\9699\hotspot\src\share\vm\prims\jvm.cpp, line 1390]
Event: 0.210 Thread 0x0000000003170800 Exception <a 'java/lang/NullPointerException'> (0x00000000d5ecc650) thrown at [C:\re\workspace\8-2-build-windows-amd64-cygwin\jdk8u151\9699\hotspot\src\share\vm\interpreter\linkResolver.cpp, line 1183]
Event: 0.246 Thread 0x0000000003170800 Implicit null exception at 0x00000000033910d5 to 0x00000000033912a1

Events (10 events):
Event: 0.316 loading class com/sun/glass/ui/Menu$EventHandler
Event: 0.316 loading class com/sun/glass/ui/Menu$EventHandler done
Event: 0.316 loading class com/sun/javafx/tk/quantum/GlassMenuEventHandler
Event: 0.316 loading class com/sun/javafx/tk/quantum/GlassMenuEventHandler done
Event: 0.316 loading class javafx/scene/input/KeyCombination
Event: 0.316 loading class javafx/scene/input/KeyCombination done
Event: 0.317 loading class javafx/scene/input/KeyCodeCombination
Event: 0.317 loading class javafx/scene/input/KeyCodeCombination done
Event: 0.317 loading class javafx/scene/input/KeyCharacterCombination
Event: 0.317 loading class javafx/scene/input/KeyCharacterCombination done


Dynamic libraries:
0x00007ff64bd70000 - 0x00007ff64bda7000 	C:\Program Files\Java\jdk1.8.0_151\jre\bin\java.exe
0x00007ffa885d0000 - 0x00007ffa887b1000 	C:\WINDOWS\SYSTEM32\ntdll.dll
0x00007ffa86250000 - 0x00007ffa86302000 	C:\WINDOWS\System32\KERNEL32.DLL
0x00007ffa857e0000 - 0x00007ffa85a53000 	C:\WINDOWS\System32\KERNELBASE.dll
0x00007ffa868e0000 - 0x00007ffa86981000 	C:\WINDOWS\System32\ADVAPI32.dll
0x00007ffa86380000 - 0x00007ffa8641e000 	C:\WINDOWS\System32\msvcrt.dll
0x00007ffa85b00000 - 0x00007ffa85b5b000 	C:\WINDOWS\System32\sechost.dll
0x00007ffa87ff0000 - 0x00007ffa88114000 	C:\WINDOWS\System32\RPCRT4.dll
0x00007ffa85e40000 - 0x00007ffa85fd0000 	C:\WINDOWS\System32\USER32.dll
0x00007ffa84c40000 - 0x00007ffa84c60000 	C:\WINDOWS\System32\win32u.dll
0x00007ffa88570000 - 0x00007ffa88598000 	C:\WINDOWS\System32\GDI32.dll
0x00007ffa854c0000 - 0x00007ffa85652000 	C:\WINDOWS\System32\gdi32full.dll
0x00007ffa84c60000 - 0x00007ffa84cff000 	C:\WINDOWS\System32\msvcp_win.dll
0x00007ffa85660000 - 0x00007ffa8575a000 	C:\WINDOWS\System32\ucrtbase.dll
0x00007ffa75800000 - 0x00007ffa75a69000 	C:\WINDOWS\WinSxS\amd64_microsoft.windows.common-controls_6595b64144ccf1df_6.0.17134.523_none_fb409dd930672a56\COMCTL32.dll
0x00007ffa865b0000 - 0x00007ffa868d2000 	C:\WINDOWS\System32\combase.dll
0x00007ffa85760000 - 0x00007ffa857da000 	C:\WINDOWS\System32\bcryptPrimitives.dll
0x00007ffa86030000 - 0x00007ffa8605d000 	C:\WINDOWS\System32\IMM32.DLL
0x00007ffa847a0000 - 0x00007ffa847d6000 	C:\WINDOWS\system32\DriverStore\FileRepository\nvfmi.inf_amd64_9c9f04db01ad6efb\nvinitx.dll
0x00007ffa84790000 - 0x00007ffa8479a000 	C:\WINDOWS\SYSTEM32\VERSION.dll
0x00007ffa86bb0000 - 0x00007ffa87ff0000 	C:\WINDOWS\System32\Shell32.dll
0x00007ffa84bf0000 - 0x00007ffa84c39000 	C:\WINDOWS\System32\cfgmgr32.dll
0x00007ffa85c30000 - 0x00007ffa85cd9000 	C:\WINDOWS\System32\shcore.dll
0x00007ffa84d00000 - 0x00007ffa8540d000 	C:\WINDOWS\System32\windows.storage.dll
0x00007ffa85fd0000 - 0x00007ffa86021000 	C:\WINDOWS\System32\shlwapi.dll
0x00007ffa84960000 - 0x00007ffa84971000 	C:\WINDOWS\System32\kernel.appcore.dll
0x00007ffa848e0000 - 0x00007ffa848ff000 	C:\WINDOWS\System32\profapi.dll
0x00007ffa84910000 - 0x00007ffa8495c000 	C:\WINDOWS\System32\powrprof.dll
0x00007ffa84900000 - 0x00007ffa8490a000 	C:\WINDOWS\System32\FLTLIB.DLL
0x0000000073990000 - 0x0000000073996000 	C:\Program Files\NVIDIA Corporation\CoProcManager\_etoured.dll
0x00007ffa73b10000 - 0x00007ffa73b53000 	C:\Program Files\NVIDIA Corporation\CoProcManager\nvd3d9wrapx.dll
0x00007ffa88120000 - 0x00007ffa8856b000 	C:\WINDOWS\System32\SETUPAPI.dll
0x00007ffa7cdc0000 - 0x00007ffa7cded000 	C:\Program Files\NVIDIA Corporation\CoProcManager\nvdxgiwrapx.dll
0x0000000072890000 - 0x0000000072962000 	C:\Program Files\Java\jdk1.8.0_151\jre\bin\msvcr100.dll
0x0000000072970000 - 0x000000007320d000 	C:\Program Files\Java\jdk1.8.0_151\jre\bin\server\jvm.dll
0x00007ffa85dd0000 - 0x00007ffa85dd8000 	C:\WINDOWS\System32\PSAPI.DLL
0x00007ffa7e080000 - 0x00007ffa7e089000 	C:\WINDOWS\SYSTEM32\WSOCK32.dll
0x00007ffa7f260000 - 0x00007ffa7f283000 	C:\WINDOWS\SYSTEM32\WINMM.dll
0x00007ffa86310000 - 0x00007ffa8637c000 	C:\WINDOWS\System32\WS2_32.dll
0x00007ffa7efd0000 - 0x00007ffa7effa000 	C:\WINDOWS\SYSTEM32\WINMMBASE.dll
0x0000000073800000 - 0x000000007380f000 	C:\Program Files\Java\jdk1.8.0_151\jre\bin\verify.dll
0x0000000072820000 - 0x0000000072849000 	C:\Program Files\Java\jdk1.8.0_151\jre\bin\java.dll
0x0000000072800000 - 0x0000000072816000 	C:\Program Files\Java\jdk1.8.0_151\jre\bin\zip.dll
0x00000000014b0000 - 0x00000000014b3000 	C:\Program Files\Java\jdk1.8.0_151\jre\bin\api-ms-win-core-console-l1-1-0.dll
0x00000000014c0000 - 0x00000000014c3000 	C:\Program Files\Java\jdk1.8.0_151\jre\bin\api-ms-win-core-datetime-l1-1-0.dll
0x00000000014e0000 - 0x00000000014e3000 	C:\Program Files\Java\jdk1.8.0_151\jre\bin\api-ms-win-core-debug-l1-1-0.dll
0x00000000014f0000 - 0x00000000014f3000 	C:\Program Files\Java\jdk1.8.0_151\jre\bin\api-ms-win-core-errorhandling-l1-1-0.dll
0x0000000001500000 - 0x0000000001504000 	C:\Program Files\Java\jdk1.8.0_151\jre\bin\api-ms-win-core-file-l1-1-0.dll
0x0000000001510000 - 0x0000000001513000 	C:\Program Files\Java\jdk1.8.0_151\jre\bin\api-ms-win-core-file-l1-2-0.dll
0x0000000001520000 - 0x0000000001523000 	C:\Program Files\Java\jdk1.8.0_151\jre\bin\api-ms-win-core-file-l2-1-0.dll
0x0000000001530000 - 0x0000000001533000 	C:\Program Files\Java\jdk1.8.0_151\jre\bin\api-ms-win-core-handle-l1-1-0.dll
0x0000000001540000 - 0x0000000001543000 	C:\Program Files\Java\jdk1.8.0_151\jre\bin\api-ms-win-core-heap-l1-1-0.dll
0x0000000001550000 - 0x0000000001553000 	C:\Program Files\Java\jdk1.8.0_151\jre\bin\api-ms-win-core-interlocked-l1-1-0.dll
0x0000000001560000 - 0x0000000001563000 	C:\Program Files\Java\jdk1.8.0_151\jre\bin\api-ms-win-core-libraryloader-l1-1-0.dll
0x0000000001570000 - 0x0000000001573000 	C:\Program Files\Java\jdk1.8.0_151\jre\bin\api-ms-win-core-localization-l1-2-0.dll
0x0000000019d50000 - 0x0000000019d53000 	C:\Program Files\Java\jdk1.8.0_151\jre\bin\api-ms-win-core-memory-l1-1-0.dll
0x0000000019d60000 - 0x0000000019d63000 	C:\Program Files\Java\jdk1.8.0_151\jre\bin\api-ms-win-core-namedpipe-l1-1-0.dll
0x0000000019d70000 - 0x0000000019d73000 	C:\Program Files\Java\jdk1.8.0_151\jre\bin\api-ms-win-core-processenvironment-l1-1-0.dll
0x0000000019d80000 - 0x0000000019d83000 	C:\Program Files\Java\jdk1.8.0_151\jre\bin\api-ms-win-core-processthreads-l1-1-0.dll
0x0000000019d90000 - 0x0000000019d93000 	C:\Program Files\Java\jdk1.8.0_151\jre\bin\api-ms-win-core-processthreads-l1-1-1.dll
0x0000000019da0000 - 0x0000000019da3000 	C:\Program Files\Java\jdk1.8.0_151\jre\bin\api-ms-win-core-profile-l1-1-0.dll
0x0000000019db0000 - 0x0000000019db3000 	C:\Program Files\Java\jdk1.8.0_151\jre\bin\api-ms-win-core-rtlsupport-l1-1-0.dll
0x0000000019dc0000 - 0x0000000019dc3000 	C:\Program Files\Java\jdk1.8.0_151\jre\bin\api-ms-win-core-string-l1-1-0.dll
0x0000000019dd0000 - 0x0000000019dd3000 	C:\Program Files\Java\jdk1.8.0_151\jre\bin\api-ms-win-core-synch-l1-1-0.dll
0x0000000019de0000 - 0x0000000019de3000 	C:\Program Files\Java\jdk1.8.0_151\jre\bin\api-ms-win-core-synch-l1-2-0.dll
0x0000000019df0000 - 0x0000000019df3000 	C:\Program Files\Java\jdk1.8.0_151\jre\bin\api-ms-win-core-sysinfo-l1-1-0.dll
0x0000000019e00000 - 0x0000000019e03000 	C:\Program Files\Java\jdk1.8.0_151\jre\bin\api-ms-win-core-timezone-l1-1-0.dll
0x0000000019e10000 - 0x0000000019e13000 	C:\Program Files\Java\jdk1.8.0_151\jre\bin\api-ms-win-core-util-l1-1-0.dll
0x0000000019e20000 - 0x0000000019e23000 	C:\Program Files\Java\jdk1.8.0_151\jre\bin\api-ms-win-crt-conio-l1-1-0.dll
0x0000000019e30000 - 0x0000000019e34000 	C:\Program Files\Java\jdk1.8.0_151\jre\bin\api-ms-win-crt-convert-l1-1-0.dll
0x0000000019e40000 - 0x0000000019e43000 	C:\Program Files\Java\jdk1.8.0_151\jre\bin\api-ms-win-crt-environment-l1-1-0.dll
0x0000000019e50000 - 0x0000000019e53000 	C:\Program Files\Java\jdk1.8.0_151\jre\bin\api-ms-win-crt-filesystem-l1-1-0.dll
0x0000000019e60000 - 0x0000000019e63000 	C:\Program Files\Java\jdk1.8.0_151\jre\bin\api-ms-win-crt-heap-l1-1-0.dll
0x0000000019e70000 - 0x0000000019e73000 	C:\Program Files\Java\jdk1.8.0_151\jre\bin\api-ms-win-crt-locale-l1-1-0.dll
0x0000000019e80000 - 0x0000000019e85000 	C:\Program Files\Java\jdk1.8.0_151\jre\bin\api-ms-win-crt-math-l1-1-0.dll
0x0000000019e90000 - 0x0000000019e95000 	C:\Program Files\Java\jdk1.8.0_151\jre\bin\api-ms-win-crt-multibyte-l1-1-0.dll
0x0000000019ea0000 - 0x0000000019eb0000 	C:\Program Files\Java\jdk1.8.0_151\jre\bin\api-ms-win-crt-private-l1-1-0.dll
0x0000000019eb0000 - 0x0000000019eb3000 	C:\Program Files\Java\jdk1.8.0_151\jre\bin\api-ms-win-crt-process-l1-1-0.dll
0x0000000019ec0000 - 0x0000000019ec4000 	C:\Program Files\Java\jdk1.8.0_151\jre\bin\api-ms-win-crt-runtime-l1-1-0.dll
0x0000000019ed0000 - 0x0000000019ed4000 	C:\Program Files\Java\jdk1.8.0_151\jre\bin\api-ms-win-crt-stdio-l1-1-0.dll
0x0000000019ee0000 - 0x0000000019ee4000 	C:\Program Files\Java\jdk1.8.0_151\jre\bin\api-ms-win-crt-string-l1-1-0.dll
0x0000000019ef0000 - 0x0000000019ef3000 	C:\Program Files\Java\jdk1.8.0_151\jre\bin\api-ms-win-crt-time-l1-1-0.dll
0x0000000019f00000 - 0x0000000019f03000 	C:\Program Files\Java\jdk1.8.0_151\jre\bin\api-ms-win-crt-utility-l1-1-0.dll
0x00007ffa5d8e0000 - 0x00007ffa5d9d6000 	C:\Program Files\Java\jdk1.8.0_151\jre\bin\ucrtbase.dll
0x00007ffa6a560000 - 0x00007ffa6a5b1000 	C:\Program Files\Java\jdk1.8.0_151\jre\bin\concrt140.dll
0x00007ffa62520000 - 0x00007ffa625bc000 	C:\Program Files\Java\jdk1.8.0_151\jre\bin\MSVCP140.dll
0x00007ffa7cc10000 - 0x00007ffa7cc26000 	C:\WINDOWS\System32\KERNEL32.DLL
0x0000000072170000 - 0x0000000072193000 	C:\WINDOWS\System32\gdi32full.dll
0x00007ffa7b150000 - 0x00007ffa7b2e7000 	C:\WINDOWS\System32\bcryptPrimitives.dll
0x00007ffa82c10000 - 0x00007ffa82c39000 	C:\WINDOWS\System32\Shell32.dll
0x00007ffa84640000 - 0x00007ffa84667000 	C:\WINDOWS\System32\shlwapi.dll
0x00007ffa849a0000 - 0x00007ffa849f7000 	C:\WINDOWS\System32\powrprof.dll
0x00007ffa84980000 - 0x00007ffa84992000 	C:\Program Files\NVIDIA Corporation\CoProcManager\nvd3d9wrapx.dll
0x00007ffa84a00000 - 0x00007ffa84be2000 	C:\Program Files\Java\jdk1.8.0_151\jre\bin\msvcr100.dll
0x00007ffa828f0000 - 0x00007ffa82988000 	C:\WINDOWS\System32\PSAPI.DLL
0x00007ffa78340000 - 0x00007ffa783d7000 	C:\WINDOWS\System32\WS2_32.dll

VM Arguments:
jvm_args: -Dfile.encoding=UTF-8 
java_command: controller.MyGui
java_class_path (initial): E:\ITI Courses\Java\labs\Project\xo\XO-Game\CommontXo\dist\CommontXo.jar;E:\ITI Courses\Java\labs\Project\xo\XO-Game\ClientXo\build\classes
Launcher Type: SUN_STANDARD

Environment Variables:
CLASSPATH=.;C:\Program Files\Java\jre1.8.0_151\lib\ext\mssql-jdbc-7.0.0.jre8.jar;
PATH=C:\Program Files\Java\jdk1.8.0_151\bin;C:\Program Files (x86)\Common Files\Oracle\Java\javapath;C:\ProgramData\Oracle\Java\javapath;C:\WINDOWS\system32;C:\WINDOWS;C:\WINDOWS\System32\Wbem;C:\WINDOWS\System32\WindowsPowerShell\v1.0\;C:\WINDOWS\System32\OpenSSH\;C:\Program Files\Git\cmd;E:\Programs\Android\sdk\tools;E:\Programs\Android\sdk\platform-tools;C:\Program Files\Microsoft SQL Server\Client SDK\ODBC\130\Tools\Binn\;C:\Program Files (x86)\Microsoft SQL Server\130\Tools\Binn\;C:\Program Files\Microsoft SQL Server\130\Tools\Binn\;C:\Program Files\Microsoft SQL Server\130\DTS\Binn\;C:\Program Files (x86)\Microsoft SQL Server\Client SDK\ODBC\130\Tools\Binn\;C:\Program Files (x86)\Microsoft SQL Server\140\Tools\Binn\;C:\Program Files (x86)\Microsoft SQL Server\140\DTS\Binn\;C:\Program Files (x86)\Microsoft SQL Server\140\Tools\Binn\ManagementStudio\;C:\Program Files (x86)\NVIDIA Corporation\PhysX\Common;C:\Users\Abdo Amin\AppData\Local\Microsoft\WindowsApps;E:\Programs\Android\flutter\bin;E:\Programs\Android\sdk\tools;E:\Programs\Android\sdk\platform-tools;C:\Users\Abdo Amin\AppData\Local\Programs\Microsoft VS Code\bin;
USERNAME=Abdo Amin
OS=Windows_NT
PROCESSOR_IDENTIFIER=Intel64 Family 6 Model 42 Stepping 7, GenuineIntel



---------------  S Y S T E M  ---------------

OS: Windows 10.0 , 64 bit Build 17134 (10.0.17134.1)

CPU:total 4 (initial active 4) (2 cores per cpu, 2 threads per core) family 6 model 42 stepping 7, cmov, cx8, fxsr, mmx, sse, sse2, sse3, ssse3, sse4.1, sse4.2, popcnt, avx, aes, clmul, ht, tsc, tscinvbit

Memory: 4k page, physical 8299128k(1184316k free), swap 8299128k(26620k free)

vm_info: Java HotSpot(TM) 64-Bit Server VM (25.151-b12) for windows-amd64 JRE (1.8.0_151-b12), built on Sep  5 2017 19:33:46 by "java_re" with MS VC++ 10.0 (VS2010)

time: Thu Jan 17 21:06:47 2019
elapsed time: 0 seconds (0d 0h 0m 0s)

